[2017-01-14 10:29:32] production.ERROR: RuntimeException: The only supported ciphers are AES-128-CBC and AES-256-CBC with the correct key lengths. in C:\xampp\htdocs\recruiting-site\vendor\laravel\framework\src\Illuminate\Encryption\Encrypter.php:43
Stack trace:
#0 C:\xampp\htdocs\recruiting-site\vendor\laravel\framework\src\Illuminate\Encryption\EncryptionServiceProvider.php(27): Illuminate\Encryption\Encrypter->__construct('', 'AES-256-CBC')
#1 C:\xampp\htdocs\recruiting-site\vendor\laravel\framework\src\Illuminate\Container\Container.php(746): Illuminate\Encryption\EncryptionServiceProvider->Illuminate\Encryption\{closure}(Object(Illuminate\Foundation\Application), Array)
#2 C:\xampp\htdocs\recruiting-site\vendor\laravel\framework\src\Illuminate\Container\Container.php(644): Illuminate\Container\Container->build(Object(Closure), Array)
#3 C:\xampp\htdocs\recruiting-site\vendor\laravel\framework\src\Illuminate\Foundation\Application.php(709): Illuminate\Container\Container->make('encrypter', Array)
#4 C:\xampp\htdocs\recruiting-site\vendor\laravel\framework\src\Illuminate\Container\Container.php(864): Illuminate\Foundation\Application->make('encrypter')
#5 C:\xampp\htdocs\recruiting-site\vendor\laravel\framework\src\Illuminate\Container\Container.php(819): Illuminate\Container\Container->resolveClass(Object(ReflectionParameter))
#6 C:\xampp\htdocs\recruiting-site\vendor\laravel\framework\src\Illuminate\Container\Container.php(788): Illuminate\Container\Container->getDependencies(Array, Array)
#7 C:\xampp\htdocs\recruiting-site\vendor\laravel\framework\src\Illuminate\Container\Container.php(644): Illuminate\Container\Container->build('App\\Http\\Middle...', Array)
#8 C:\xampp\htdocs\recruiting-site\vendor\laravel\framework\src\Illuminate\Foundation\Application.php(709): Illuminate\Container\Container->make('App\\Http\\Middle...', Array)
#9 C:\xampp\htdocs\recruiting-site\vendor\laravel\framework\src\Illuminate\Pipeline\Pipeline.php(127): Illuminate\Foundation\Application->make('App\\Http\\Middle...')
#10 C:\xampp\htdocs\recruiting-site\vendor\laravel\framework\src\Illuminate\Routing\Pipeline.php(33): Illuminate\Pipeline\Pipeline->Illuminate\Pipeline\{closure}(Object(Illuminate\Http\Request))
#11 C:\xampp\htdocs\recruiting-site\vendor\laravel\framework\src\Illuminate\Pipeline\Pipeline.php(104): Illuminate\Routing\Pipeline->Illuminate\Routing\{closure}(Object(Illuminate\Http\Request))
#12 C:\xampp\htdocs\recruiting-site\vendor\laravel\framework\src\Illuminate\Routing\Router.php(655): Illuminate\Pipeline\Pipeline->then(Object(Closure))
#13 C:\xampp\htdocs\recruiting-site\vendor\laravel\framework\src\Illuminate\Routing\Router.php(629): Illuminate\Routing\Router->runRouteWithinStack(Object(Illuminate\Routing\Route), Object(Illuminate\Http\Request))
#14 C:\xampp\htdocs\recruiting-site\vendor\laravel\framework\src\Illuminate\Routing\Router.php(607): Illuminate\Routing\Router->dispatchToRoute(Object(Illuminate\Http\Request))
#15 C:\xampp\htdocs\recruiting-site\vendor\laravel\framework\src\Illuminate\Foundation\Http\Kernel.php(268): Illuminate\Routing\Router->dispatch(Object(Illuminate\Http\Request))
#16 C:\xampp\htdocs\recruiting-site\vendor\laravel\framework\src\Illuminate\Routing\Pipeline.php(53): Illuminate\Foundation\Http\Kernel->Illuminate\Foundation\Http\{closure}(Object(Illuminate\Http\Request))
#17 C:\xampp\htdocs\recruiting-site\vendor\laravel\framework\src\Illuminate\Foundation\Http\Middleware\CheckForMaintenanceMode.php(46): Illuminate\Routing\Pipeline->Illuminate\Routing\{closure}(Object(Illuminate\Http\Request))
#18 C:\xampp\htdocs\recruiting-site\vendor\laravel\framework\src\Illuminate\Pipeline\Pipeline.php(137): Illuminate\Foundation\Http\Middleware\CheckForMaintenanceMode->handle(Object(Illuminate\Http\Request), Object(Closure))
#19 C:\xampp\htdocs\recruiting-site\vendor\laravel\framework\src\Illuminate\Routing\Pipeline.php(33): Illuminate\Pipeline\Pipeline->Illuminate\Pipeline\{closure}(Object(Illuminate\Http\Request))
#20 C:\xampp\htdocs\recruiting-site\vendor\laravel\framework\src\Illuminate\Pipeline\Pipeline.php(104): Illuminate\Routing\Pipeline->Illuminate\Routing\{closure}(Object(Illuminate\Http\Request))
#21 C:\xampp\htdocs\recruiting-site\vendor\laravel\framework\src\Illuminate\Foundation\Http\Kernel.php(150): Illuminate\Pipeline\Pipeline->then(Object(Closure))
#22 C:\xampp\htdocs\recruiting-site\vendor\laravel\framework\src\Illuminate\Foundation\Http\Kernel.php(117): Illuminate\Foundation\Http\Kernel->sendRequestThroughRouter(Object(Illuminate\Http\Request))
#23 C:\xampp\htdocs\recruiting-site\public\index.php(53): Illuminate\Foundation\Http\Kernel->handle(Object(Illuminate\Http\Request))
#24 {main}  
[2017-01-14 10:29:32] production.ERROR: RuntimeException: The only supported ciphers are AES-128-CBC and AES-256-CBC with the correct key lengths. in C:\xampp\htdocs\recruiting-site\vendor\laravel\framework\src\Illuminate\Encryption\Encrypter.php:43
Stack trace:
#0 C:\xampp\htdocs\recruiting-site\vendor\laravel\framework\src\Illuminate\Encryption\EncryptionServiceProvider.php(27): Illuminate\Encryption\Encrypter->__construct('', 'AES-256-CBC')
#1 C:\xampp\htdocs\recruiting-site\vendor\laravel\framework\src\Illuminate\Container\Container.php(746): Illuminate\Encryption\EncryptionServiceProvider->Illuminate\Encryption\{closure}(Object(Illuminate\Foundation\Application), Array)
#2 C:\xampp\htdocs\recruiting-site\vendor\laravel\framework\src\Illuminate\Container\Container.php(644): Illuminate\Container\Container->build(Object(Closure), Array)
#3 C:\xampp\htdocs\recruiting-site\vendor\laravel\framework\src\Illuminate\Foundation\Application.php(709): Illuminate\Container\Container->make('encrypter', Array)
#4 C:\xampp\htdocs\recruiting-site\vendor\laravel\framework\src\Illuminate\Container\Container.php(864): Illuminate\Foundation\Application->make('encrypter')
#5 C:\xampp\htdocs\recruiting-site\vendor\laravel\framework\src\Illuminate\Container\Container.php(819): Illuminate\Container\Container->resolveClass(Object(ReflectionParameter))
#6 C:\xampp\htdocs\recruiting-site\vendor\laravel\framework\src\Illuminate\Container\Container.php(788): Illuminate\Container\Container->getDependencies(Array, Array)
#7 C:\xampp\htdocs\recruiting-site\vendor\laravel\framework\src\Illuminate\Container\Container.php(644): Illuminate\Container\Container->build('App\\Http\\Middle...', Array)
#8 C:\xampp\htdocs\recruiting-site\vendor\laravel\framework\src\Illuminate\Foundation\Application.php(709): Illuminate\Container\Container->make('App\\Http\\Middle...', Array)
#9 C:\xampp\htdocs\recruiting-site\vendor\laravel\framework\src\Illuminate\Foundation\Http\Kernel.php(174): Illuminate\Foundation\Application->make('App\\Http\\Middle...')
#10 C:\xampp\htdocs\recruiting-site\public\index.php(58): Illuminate\Foundation\Http\Kernel->terminate(Object(Illuminate\Http\Request), Object(Illuminate\Http\Response))
#11 {main}  
[2017-01-14 10:30:33] local.ERROR: InvalidArgumentException: Please provide a valid cache path. in C:\xampp\htdocs\recruiting-site\vendor\laravel\framework\src\Illuminate\View\Compilers\Compiler.php:36
Stack trace:
#0 C:\xampp\htdocs\recruiting-site\vendor\laravel\framework\src\Illuminate\View\ViewServiceProvider.php(77): Illuminate\View\Compilers\Compiler->__construct(Object(Illuminate\Filesystem\Filesystem), false)
#1 C:\xampp\htdocs\recruiting-site\vendor\laravel\framework\src\Illuminate\Container\Container.php(746): Illuminate\View\ViewServiceProvider->Illuminate\View\{closure}(Object(Illuminate\Foundation\Application), Array)
#2 C:\xampp\htdocs\recruiting-site\vendor\laravel\framework\src\Illuminate\Container\Container.php(644): Illuminate\Container\Container->build(Object(Closure), Array)
#3 C:\xampp\htdocs\recruiting-site\vendor\laravel\framework\src\Illuminate\Foundation\Application.php(709): Illuminate\Container\Container->make('blade.compiler', Array)
#4 C:\xampp\htdocs\recruiting-site\vendor\laravel\framework\src\Illuminate\Container\Container.php(1203): Illuminate\Foundation\Application->make('blade.compiler')
#5 C:\xampp\htdocs\recruiting-site\vendor\laravel\framework\src\Illuminate\View\ViewServiceProvider.php(81): Illuminate\Container\Container->offsetGet('blade.compiler')
#6 [internal function]: Illuminate\View\ViewServiceProvider->Illuminate\View\{closure}()
#7 C:\xampp\htdocs\recruiting-site\vendor\laravel\framework\src\Illuminate\View\Engines\EngineResolver.php(54): call_user_func(Object(Closure))
#8 C:\xampp\htdocs\recruiting-site\vendor\laravel\framework\src\Illuminate\View\Factory.php(320): Illuminate\View\Engines\EngineResolver->resolve('blade')
#9 C:\xampp\htdocs\recruiting-site\vendor\laravel\framework\src\Illuminate\View\Factory.php(178): Illuminate\View\Factory->getEngineFromPath('C:\\xampp\\htdocs...')
#10 C:\xampp\htdocs\recruiting-site\vendor\laravel\framework\src\Illuminate\Foundation\helpers.php(856): Illuminate\View\Factory->make('welcome', Array, Array)
#11 C:\xampp\htdocs\recruiting-site\routes\web.php(15): view('welcome')
#12 C:\xampp\htdocs\recruiting-site\vendor\laravel\framework\src\Illuminate\Routing\Route.php(176): App\Providers\RouteServiceProvider->{closure}()
#13 C:\xampp\htdocs\recruiting-site\vendor\laravel\framework\src\Illuminate\Routing\Route.php(147): Illuminate\Routing\Route->runCallable()
#14 C:\xampp\htdocs\recruiting-site\vendor\laravel\framework\src\Illuminate\Routing\Router.php(653): Illuminate\Routing\Route->run(Object(Illuminate\Http\Request))
#15 C:\xampp\htdocs\recruiting-site\vendor\laravel\framework\src\Illuminate\Routing\Pipeline.php(53): Illuminate\Routing\Router->Illuminate\Routing\{closure}(Object(Illuminate\Http\Request))
#16 C:\xampp\htdocs\recruiting-site\app\Http\Middleware\Lang.php(22): Illuminate\Routing\Pipeline->Illuminate\Routing\{closure}(Object(Illuminate\Http\Request))
#17 C:\xampp\htdocs\recruiting-site\vendor\laravel\framework\src\Illuminate\Pipeline\Pipeline.php(137): App\Http\Middleware\Lang->handle(Object(Illuminate\Http\Request), Object(Closure))
#18 C:\xampp\htdocs\recruiting-site\vendor\laravel\framework\src\Illuminate\Routing\Pipeline.php(33): Illuminate\Pipeline\Pipeline->Illuminate\Pipeline\{closure}(Object(Illuminate\Http\Request))
#19 C:\xampp\htdocs\recruiting-site\vendor\laravel\framework\src\Illuminate\Routing\Middleware\SubstituteBindings.php(41): Illuminate\Routing\Pipeline->Illuminate\Routing\{closure}(Object(Illuminate\Http\Request))
#20 C:\xampp\htdocs\recruiting-site\vendor\laravel\framework\src\Illuminate\Pipeline\Pipeline.php(137): Illuminate\Routing\Middleware\SubstituteBindings->handle(Object(Illuminate\Http\Request), Object(Closure))
#21 C:\xampp\htdocs\recruiting-site\vendor\laravel\framework\src\Illuminate\Routing\Pipeline.php(33): Illuminate\Pipeline\Pipeline->Illuminate\Pipeline\{closure}(Object(Illuminate\Http\Request))
#22 C:\xampp\htdocs\recruiting-site\vendor\laravel\framework\src\Illuminate\Foundation\Http\Middleware\VerifyCsrfToken.php(65): Illuminate\Routing\Pipeline->Illuminate\Routing\{closure}(Object(Illuminate\Http\Request))
#23 C:\xampp\htdocs\recruiting-site\vendor\laravel\framework\src\Illuminate\Pipeline\Pipeline.php(137): Illuminate\Foundation\Http\Middleware\VerifyCsrfToken->handle(Object(Illuminate\Http\Request), Object(Closure))
#24 C:\xampp\htdocs\recruiting-site\vendor\laravel\framework\src\Illuminate\Routing\Pipeline.php(33): Illuminate\Pipeline\Pipeline->Illuminate\Pipeline\{closure}(Object(Illuminate\Http\Request))
#25 C:\xampp\htdocs\recruiting-site\vendor\laravel\framework\src\Illuminate\View\Middleware\ShareErrorsFromSession.php(49): Illuminate\Routing\Pipeline->Illuminate\Routing\{closure}(Object(Illuminate\Http\Request))
#26 C:\xampp\htdocs\recruiting-site\vendor\laravel\framework\src\Illuminate\Pipeline\Pipeline.php(137): Illuminate\View\Middleware\ShareErrorsFromSession->handle(Object(Illuminate\Http\Request), Object(Closure))
#27 C:\xampp\htdocs\recruiting-site\vendor\laravel\framework\src\Illuminate\Routing\Pipeline.php(33): Illuminate\Pipeline\Pipeline->Illuminate\Pipeline\{closure}(Object(Illuminate\Http\Request))
#28 C:\xampp\htdocs\recruiting-site\vendor\laravel\framework\src\Illuminate\Session\Middleware\StartSession.php(64): Illuminate\Routing\Pipeline->Illuminate\Routing\{closure}(Object(Illuminate\Http\Request))
#29 C:\xampp\htdocs\recruiting-site\vendor\laravel\framework\src\Illuminate\Pipeline\Pipeline.php(137): Illuminate\Session\Middleware\StartSession->handle(Object(Illuminate\Http\Request), Object(Closure))
#30 C:\xampp\htdocs\recruiting-site\vendor\laravel\framework\src\Illuminate\Routing\Pipeline.php(33): Illuminate\Pipeline\Pipeline->Illuminate\Pipeline\{closure}(Object(Illuminate\Http\Request))
#31 C:\xampp\htdocs\recruiting-site\vendor\laravel\framework\src\Illuminate\Cookie\Middleware\AddQueuedCookiesToResponse.php(37): Illuminate\Routing\Pipeline->Illuminate\Routing\{closure}(Object(Illuminate\Http\Request))
#32 C:\xampp\htdocs\recruiting-site\vendor\laravel\framework\src\Illuminate\Pipeline\Pipeline.php(137): Illuminate\Cookie\Middleware\AddQueuedCookiesToResponse->handle(Object(Illuminate\Http\Request), Object(Closure))
#33 C:\xampp\htdocs\recruiting-site\vendor\laravel\framework\src\Illuminate\Routing\Pipeline.php(33): Illuminate\Pipeline\Pipeline->Illuminate\Pipeline\{closure}(Object(Illuminate\Http\Request))
#34 C:\xampp\htdocs\recruiting-site\vendor\laravel\framework\src\Illuminate\Cookie\Middleware\EncryptCookies.php(59): Illuminate\Routing\Pipeline->Illuminate\Routing\{closure}(Object(Illuminate\Http\Request))
#35 C:\xampp\htdocs\recruiting-site\vendor\laravel\framework\src\Illuminate\Pipeline\Pipeline.php(137): Illuminate\Cookie\Middleware\EncryptCookies->handle(Object(Illuminate\Http\Request), Object(Closure))
#36 C:\xampp\htdocs\recruiting-site\vendor\laravel\framework\src\Illuminate\Routing\Pipeline.php(33): Illuminate\Pipeline\Pipeline->Illuminate\Pipeline\{closure}(Object(Illuminate\Http\Request))
#37 C:\xampp\htdocs\recruiting-site\vendor\laravel\framework\src\Illuminate\Pipeline\Pipeline.php(104): Illuminate\Routing\Pipeline->Illuminate\Routing\{closure}(Object(Illuminate\Http\Request))
#38 C:\xampp\htdocs\recruiting-site\vendor\laravel\framework\src\Illuminate\Routing\Router.php(655): Illuminate\Pipeline\Pipeline->then(Object(Closure))
#39 C:\xampp\htdocs\recruiting-site\vendor\laravel\framework\src\Illuminate\Routing\Router.php(629): Illuminate\Routing\Router->runRouteWithinStack(Object(Illuminate\Routing\Route), Object(Illuminate\Http\Request))
#40 C:\xampp\htdocs\recruiting-site\vendor\laravel\framework\src\Illuminate\Routing\Router.php(607): Illuminate\Routing\Router->dispatchToRoute(Object(Illuminate\Http\Request))
#41 C:\xampp\htdocs\recruiting-site\vendor\laravel\framework\src\Illuminate\Foundation\Http\Kernel.php(268): Illuminate\Routing\Router->dispatch(Object(Illuminate\Http\Request))
#42 C:\xampp\htdocs\recruiting-site\vendor\laravel\framework\src\Illuminate\Routing\Pipeline.php(53): Illuminate\Foundation\Http\Kernel->Illuminate\Foundation\Http\{closure}(Object(Illuminate\Http\Request))
#43 C:\xampp\htdocs\recruiting-site\vendor\laravel\framework\src\Illuminate\Foundation\Http\Middleware\CheckForMaintenanceMode.php(46): Illuminate\Routing\Pipeline->Illuminate\Routing\{closure}(Object(Illuminate\Http\Request))
#44 C:\xampp\htdocs\recruiting-site\vendor\laravel\framework\src\Illuminate\Pipeline\Pipeline.php(137): Illuminate\Foundation\Http\Middleware\CheckForMaintenanceMode->handle(Object(Illuminate\Http\Request), Object(Closure))
#45 C:\xampp\htdocs\recruiting-site\vendor\laravel\framework\src\Illuminate\Routing\Pipeline.php(33): Illuminate\Pipeline\Pipeline->Illuminate\Pipeline\{closure}(Object(Illuminate\Http\Request))
#46 C:\xampp\htdocs\recruiting-site\vendor\laravel\framework\src\Illuminate\Pipeline\Pipeline.php(104): Illuminate\Routing\Pipeline->Illuminate\Routing\{closure}(Object(Illuminate\Http\Request))
#47 C:\xampp\htdocs\recruiting-site\vendor\laravel\framework\src\Illuminate\Foundation\Http\Kernel.php(150): Illuminate\Pipeline\Pipeline->then(Object(Closure))
#48 C:\xampp\htdocs\recruiting-site\vendor\laravel\framework\src\Illuminate\Foundation\Http\Kernel.php(117): Illuminate\Foundation\Http\Kernel->sendRequestThroughRouter(Object(Illuminate\Http\Request))
#49 C:\xampp\htdocs\recruiting-site\public\index.php(53): Illuminate\Foundation\Http\Kernel->handle(Object(Illuminate\Http\Request))
#50 {main}  
[2017-01-14 10:30:33] local.ERROR: ErrorException: file_put_contents(C:\xampp\htdocs\recruiting-site\storage\framework/sessions/d9fw6XfX9f8ZKt4zZoIfVesV8HMa2kA4KWlB10jZ): failed to open stream: No such file or directory in C:\xampp\htdocs\recruiting-site\vendor\laravel\framework\src\Illuminate\Filesystem\Filesystem.php:111
Stack trace:
#0 [internal function]: Illuminate\Foundation\Bootstrap\HandleExceptions->handleError(2, 'file_put_conten...', 'C:\\xampp\\htdocs...', 111, Array)
#1 C:\xampp\htdocs\recruiting-site\vendor\laravel\framework\src\Illuminate\Filesystem\Filesystem.php(111): file_put_contents('C:\\xampp\\htdocs...', 'a:4:{s:6:"_toke...', 2)
#2 C:\xampp\htdocs\recruiting-site\vendor\laravel\framework\src\Illuminate\Session\FileSessionHandler.php(83): Illuminate\Filesystem\Filesystem->put('C:\\xampp\\htdocs...', 'a:4:{s:6:"_toke...', true)
#3 C:\xampp\htdocs\recruiting-site\vendor\laravel\framework\src\Illuminate\Session\Store.php(263): Illuminate\Session\FileSessionHandler->write('d9fw6XfX9f8ZKt4...', 'a:4:{s:6:"_toke...')
#4 C:\xampp\htdocs\recruiting-site\vendor\laravel\framework\src\Illuminate\Session\Middleware\StartSession.php(88): Illuminate\Session\Store->save()
#5 C:\xampp\htdocs\recruiting-site\vendor\laravel\framework\src\Illuminate\Foundation\Http\Kernel.php(177): Illuminate\Session\Middleware\StartSession->terminate(Object(Illuminate\Http\Request), Object(Illuminate\Http\Response))
#6 C:\xampp\htdocs\recruiting-site\public\index.php(58): Illuminate\Foundation\Http\Kernel->terminate(Object(Illuminate\Http\Request), Object(Illuminate\Http\Response))
#7 {main}  
[2017-01-14 10:30:47] local.ERROR: InvalidArgumentException: Please provide a valid cache path. in C:\xampp\htdocs\recruiting-site\vendor\laravel\framework\src\Illuminate\View\Compilers\Compiler.php:36
Stack trace:
#0 C:\xampp\htdocs\recruiting-site\vendor\laravel\framework\src\Illuminate\View\ViewServiceProvider.php(77): Illuminate\View\Compilers\Compiler->__construct(Object(Illuminate\Filesystem\Filesystem), false)
#1 C:\xampp\htdocs\recruiting-site\vendor\laravel\framework\src\Illuminate\Container\Container.php(746): Illuminate\View\ViewServiceProvider->Illuminate\View\{closure}(Object(Illuminate\Foundation\Application), Array)
#2 C:\xampp\htdocs\recruiting-site\vendor\laravel\framework\src\Illuminate\Container\Container.php(644): Illuminate\Container\Container->build(Object(Closure), Array)
#3 C:\xampp\htdocs\recruiting-site\vendor\laravel\framework\src\Illuminate\Foundation\Application.php(709): Illuminate\Container\Container->make('blade.compiler', Array)
#4 C:\xampp\htdocs\recruiting-site\vendor\laravel\framework\src\Illuminate\Container\Container.php(1203): Illuminate\Foundation\Application->make('blade.compiler')
#5 C:\xampp\htdocs\recruiting-site\vendor\laravel\framework\src\Illuminate\View\ViewServiceProvider.php(81): Illuminate\Container\Container->offsetGet('blade.compiler')
#6 [internal function]: Illuminate\View\ViewServiceProvider->Illuminate\View\{closure}()
#7 C:\xampp\htdocs\recruiting-site\vendor\laravel\framework\src\Illuminate\View\Engines\EngineResolver.php(54): call_user_func(Object(Closure))
#8 C:\xampp\htdocs\recruiting-site\vendor\laravel\framework\src\Illuminate\View\Factory.php(320): Illuminate\View\Engines\EngineResolver->resolve('blade')
#9 C:\xampp\htdocs\recruiting-site\vendor\laravel\framework\src\Illuminate\View\Factory.php(178): Illuminate\View\Factory->getEngineFromPath('C:\\xampp\\htdocs...')
#10 C:\xampp\htdocs\recruiting-site\vendor\laravel\framework\src\Illuminate\Foundation\helpers.php(856): Illuminate\View\Factory->make('welcome', Array, Array)
#11 C:\xampp\htdocs\recruiting-site\routes\web.php(15): view('welcome')
#12 C:\xampp\htdocs\recruiting-site\vendor\laravel\framework\src\Illuminate\Routing\Route.php(176): App\Providers\RouteServiceProvider->{closure}()
#13 C:\xampp\htdocs\recruiting-site\vendor\laravel\framework\src\Illuminate\Routing\Route.php(147): Illuminate\Routing\Route->runCallable()
#14 C:\xampp\htdocs\recruiting-site\vendor\laravel\framework\src\Illuminate\Routing\Router.php(653): Illuminate\Routing\Route->run(Object(Illuminate\Http\Request))
#15 C:\xampp\htdocs\recruiting-site\vendor\laravel\framework\src\Illuminate\Routing\Pipeline.php(53): Illuminate\Routing\Router->Illuminate\Routing\{closure}(Object(Illuminate\Http\Request))
#16 C:\xampp\htdocs\recruiting-site\app\Http\Middleware\Lang.php(22): Illuminate\Routing\Pipeline->Illuminate\Routing\{closure}(Object(Illuminate\Http\Request))
#17 C:\xampp\htdocs\recruiting-site\vendor\laravel\framework\src\Illuminate\Pipeline\Pipeline.php(137): App\Http\Middleware\Lang->handle(Object(Illuminate\Http\Request), Object(Closure))
#18 C:\xampp\htdocs\recruiting-site\vendor\laravel\framework\src\Illuminate\Routing\Pipeline.php(33): Illuminate\Pipeline\Pipeline->Illuminate\Pipeline\{closure}(Object(Illuminate\Http\Request))
#19 C:\xampp\htdocs\recruiting-site\vendor\laravel\framework\src\Illuminate\Routing\Middleware\SubstituteBindings.php(41): Illuminate\Routing\Pipeline->Illuminate\Routing\{closure}(Object(Illuminate\Http\Request))
#20 C:\xampp\htdocs\recruiting-site\vendor\laravel\framework\src\Illuminate\Pipeline\Pipeline.php(137): Illuminate\Routing\Middleware\SubstituteBindings->handle(Object(Illuminate\Http\Request), Object(Closure))
#21 C:\xampp\htdocs\recruiting-site\vendor\laravel\framework\src\Illuminate\Routing\Pipeline.php(33): Illuminate\Pipeline\Pipeline->Illuminate\Pipeline\{closure}(Object(Illuminate\Http\Request))
#22 C:\xampp\htdocs\recruiting-site\vendor\laravel\framework\src\Illuminate\Foundation\Http\Middleware\VerifyCsrfToken.php(65): Illuminate\Routing\Pipeline->Illuminate\Routing\{closure}(Object(Illuminate\Http\Request))
#23 C:\xampp\htdocs\recruiting-site\vendor\laravel\framework\src\Illuminate\Pipeline\Pipeline.php(137): Illuminate\Foundation\Http\Middleware\VerifyCsrfToken->handle(Object(Illuminate\Http\Request), Object(Closure))
#24 C:\xampp\htdocs\recruiting-site\vendor\laravel\framework\src\Illuminate\Routing\Pipeline.php(33): Illuminate\Pipeline\Pipeline->Illuminate\Pipeline\{closure}(Object(Illuminate\Http\Request))
#25 C:\xampp\htdocs\recruiting-site\vendor\laravel\framework\src\Illuminate\View\Middleware\ShareErrorsFromSession.php(49): Illuminate\Routing\Pipeline->Illuminate\Routing\{closure}(Object(Illuminate\Http\Request))
#26 C:\xampp\htdocs\recruiting-site\vendor\laravel\framework\src\Illuminate\Pipeline\Pipeline.php(137): Illuminate\View\Middleware\ShareErrorsFromSession->handle(Object(Illuminate\Http\Request), Object(Closure))
#27 C:\xampp\htdocs\recruiting-site\vendor\laravel\framework\src\Illuminate\Routing\Pipeline.php(33): Illuminate\Pipeline\Pipeline->Illuminate\Pipeline\{closure}(Object(Illuminate\Http\Request))
#28 C:\xampp\htdocs\recruiting-site\vendor\laravel\framework\src\Illuminate\Session\Middleware\StartSession.php(64): Illuminate\Routing\Pipeline->Illuminate\Routing\{closure}(Object(Illuminate\Http\Request))
#29 C:\xampp\htdocs\recruiting-site\vendor\laravel\framework\src\Illuminate\Pipeline\Pipeline.php(137): Illuminate\Session\Middleware\StartSession->handle(Object(Illuminate\Http\Request), Object(Closure))
#30 C:\xampp\htdocs\recruiting-site\vendor\laravel\framework\src\Illuminate\Routing\Pipeline.php(33): Illuminate\Pipeline\Pipeline->Illuminate\Pipeline\{closure}(Object(Illuminate\Http\Request))
#31 C:\xampp\htdocs\recruiting-site\vendor\laravel\framework\src\Illuminate\Cookie\Middleware\AddQueuedCookiesToResponse.php(37): Illuminate\Routing\Pipeline->Illuminate\Routing\{closure}(Object(Illuminate\Http\Request))
#32 C:\xampp\htdocs\recruiting-site\vendor\laravel\framework\src\Illuminate\Pipeline\Pipeline.php(137): Illuminate\Cookie\Middleware\AddQueuedCookiesToResponse->handle(Object(Illuminate\Http\Request), Object(Closure))
#33 C:\xampp\htdocs\recruiting-site\vendor\laravel\framework\src\Illuminate\Routing\Pipeline.php(33): Illuminate\Pipeline\Pipeline->Illuminate\Pipeline\{closure}(Object(Illuminate\Http\Request))
#34 C:\xampp\htdocs\recruiting-site\vendor\laravel\framework\src\Illuminate\Cookie\Middleware\EncryptCookies.php(59): Illuminate\Routing\Pipeline->Illuminate\Routing\{closure}(Object(Illuminate\Http\Request))
#35 C:\xampp\htdocs\recruiting-site\vendor\laravel\framework\src\Illuminate\Pipeline\Pipeline.php(137): Illuminate\Cookie\Middleware\EncryptCookies->handle(Object(Illuminate\Http\Request), Object(Closure))
#36 C:\xampp\htdocs\recruiting-site\vendor\laravel\framework\src\Illuminate\Routing\Pipeline.php(33): Illuminate\Pipeline\Pipeline->Illuminate\Pipeline\{closure}(Object(Illuminate\Http\Request))
#37 C:\xampp\htdocs\recruiting-site\vendor\laravel\framework\src\Illuminate\Pipeline\Pipeline.php(104): Illuminate\Routing\Pipeline->Illuminate\Routing\{closure}(Object(Illuminate\Http\Request))
#38 C:\xampp\htdocs\recruiting-site\vendor\laravel\framework\src\Illuminate\Routing\Router.php(655): Illuminate\Pipeline\Pipeline->then(Object(Closure))
#39 C:\xampp\htdocs\recruiting-site\vendor\laravel\framework\src\Illuminate\Routing\Router.php(629): Illuminate\Routing\Router->runRouteWithinStack(Object(Illuminate\Routing\Route), Object(Illuminate\Http\Request))
#40 C:\xampp\htdocs\recruiting-site\vendor\laravel\framework\src\Illuminate\Routing\Router.php(607): Illuminate\Routing\Router->dispatchToRoute(Object(Illuminate\Http\Request))
#41 C:\xampp\htdocs\recruiting-site\vendor\laravel\framework\src\Illuminate\Foundation\Http\Kernel.php(268): Illuminate\Routing\Router->dispatch(Object(Illuminate\Http\Request))
#42 C:\xampp\htdocs\recruiting-site\vendor\laravel\framework\src\Illuminate\Routing\Pipeline.php(53): Illuminate\Foundation\Http\Kernel->Illuminate\Foundation\Http\{closure}(Object(Illuminate\Http\Request))
#43 C:\xampp\htdocs\recruiting-site\vendor\laravel\framework\src\Illuminate\Foundation\Http\Middleware\CheckForMaintenanceMode.php(46): Illuminate\Routing\Pipeline->Illuminate\Routing\{closure}(Object(Illuminate\Http\Request))
#44 C:\xampp\htdocs\recruiting-site\vendor\laravel\framework\src\Illuminate\Pipeline\Pipeline.php(137): Illuminate\Foundation\Http\Middleware\CheckForMaintenanceMode->handle(Object(Illuminate\Http\Request), Object(Closure))
#45 C:\xampp\htdocs\recruiting-site\vendor\laravel\framework\src\Illuminate\Routing\Pipeline.php(33): Illuminate\Pipeline\Pipeline->Illuminate\Pipeline\{closure}(Object(Illuminate\Http\Request))
#46 C:\xampp\htdocs\recruiting-site\vendor\laravel\framework\src\Illuminate\Pipeline\Pipeline.php(104): Illuminate\Routing\Pipeline->Illuminate\Routing\{closure}(Object(Illuminate\Http\Request))
#47 C:\xampp\htdocs\recruiting-site\vendor\laravel\framework\src\Illuminate\Foundation\Http\Kernel.php(150): Illuminate\Pipeline\Pipeline->then(Object(Closure))
#48 C:\xampp\htdocs\recruiting-site\vendor\laravel\framework\src\Illuminate\Foundation\Http\Kernel.php(117): Illuminate\Foundation\Http\Kernel->sendRequestThroughRouter(Object(Illuminate\Http\Request))
#49 C:\xampp\htdocs\recruiting-site\public\index.php(53): Illuminate\Foundation\Http\Kernel->handle(Object(Illuminate\Http\Request))
#50 {main}  
[2017-01-14 10:30:47] local.ERROR: ErrorException: file_put_contents(C:\xampp\htdocs\recruiting-site\storage\framework/sessions/d9fw6XfX9f8ZKt4zZoIfVesV8HMa2kA4KWlB10jZ): failed to open stream: No such file or directory in C:\xampp\htdocs\recruiting-site\vendor\laravel\framework\src\Illuminate\Filesystem\Filesystem.php:111
Stack trace:
#0 [internal function]: Illuminate\Foundation\Bootstrap\HandleExceptions->handleError(2, 'file_put_conten...', 'C:\\xampp\\htdocs...', 111, Array)
#1 C:\xampp\htdocs\recruiting-site\vendor\laravel\framework\src\Illuminate\Filesystem\Filesystem.php(111): file_put_contents('C:\\xampp\\htdocs...', 'a:4:{s:6:"_toke...', 2)
#2 C:\xampp\htdocs\recruiting-site\vendor\laravel\framework\src\Illuminate\Session\FileSessionHandler.php(83): Illuminate\Filesystem\Filesystem->put('C:\\xampp\\htdocs...', 'a:4:{s:6:"_toke...', true)
#3 C:\xampp\htdocs\recruiting-site\vendor\laravel\framework\src\Illuminate\Session\Store.php(263): Illuminate\Session\FileSessionHandler->write('d9fw6XfX9f8ZKt4...', 'a:4:{s:6:"_toke...')
#4 C:\xampp\htdocs\recruiting-site\vendor\laravel\framework\src\Illuminate\Session\Middleware\StartSession.php(88): Illuminate\Session\Store->save()
#5 C:\xampp\htdocs\recruiting-site\vendor\laravel\framework\src\Illuminate\Foundation\Http\Kernel.php(177): Illuminate\Session\Middleware\StartSession->terminate(Object(Illuminate\Http\Request), Object(Illuminate\Http\Response))
#6 C:\xampp\htdocs\recruiting-site\public\index.php(58): Illuminate\Foundation\Http\Kernel->terminate(Object(Illuminate\Http\Request), Object(Illuminate\Http\Response))
#7 {main}  
